<?xml version="1.0" ?> 
<?xml-stylesheet type="text/xsl" href="CUnit-Run.xsl" ?> 
<!DOCTYPE CUNIT_TEST_RUN_REPORT SYSTEM "CUnit-Run.dtd"> 
<CUNIT_TEST_RUN_REPORT> 
  <CUNIT_HEADER/> 
  <CUNIT_RESULT_LISTING> 
    <CUNIT_RUN_SUITE> 
      <CUNIT_RUN_SUITE_SUCCESS> 
        <SUITE_NAME> Test if slot initiation works properly </SUITE_NAME> 
        <CUNIT_RUN_TEST_RECORD> 
          <CUNIT_RUN_TEST_FAILURE> 
            <TEST_NAME> Initiation test </TEST_NAME> 
            <FILE_NAME> hsmbully.c </FILE_NAME> 
            <LINE_NUMBER> 339 </LINE_NUMBER> 
            <CONDITION> CU_FAIL("Incorrectly accepted operation #2 during initiation test") </CONDITION> 
          </CUNIT_RUN_TEST_FAILURE> 
        </CUNIT_RUN_TEST_RECORD> 
        <CUNIT_RUN_TEST_RECORD> 
          <CUNIT_RUN_TEST_FAILURE> 
            <TEST_NAME> Initiation test </TEST_NAME> 
            <FILE_NAME> hsmbully.c </FILE_NAME> 
            <LINE_NUMBER> 354 </LINE_NUMBER> 
            <CONDITION> CU_FAIL("Incorrectly rejected operation #2 during initiation test") </CONDITION> 
          </CUNIT_RUN_TEST_FAILURE> 
        </CUNIT_RUN_TEST_RECORD> 
        <CUNIT_RUN_TEST_RECORD> 
          <CUNIT_RUN_TEST_FAILURE> 
            <TEST_NAME> Initiation test </TEST_NAME> 
            <FILE_NAME> hsmbully.c </FILE_NAME> 
            <LINE_NUMBER> 335 </LINE_NUMBER> 
            <CONDITION> CU_FAIL("Incorrectly rejected operation #2 during initiation test") </CONDITION> 
          </CUNIT_RUN_TEST_FAILURE> 
        </CUNIT_RUN_TEST_RECORD> 
        <CUNIT_RUN_TEST_RECORD> 
          <CUNIT_RUN_TEST_FAILURE> 
            <TEST_NAME> Initiation test </TEST_NAME> 
            <FILE_NAME> hsmbully.c </FILE_NAME> 
            <LINE_NUMBER> 335 </LINE_NUMBER> 
            <CONDITION> CU_FAIL("Incorrectly rejected operation #2 during initiation test") </CONDITION> 
          </CUNIT_RUN_TEST_FAILURE> 
        </CUNIT_RUN_TEST_RECORD> 
        <CUNIT_RUN_TEST_RECORD> 
          <CUNIT_RUN_TEST_FAILURE> 
            <TEST_NAME> Initiation test </TEST_NAME> 
            <FILE_NAME> hsmbully.c </FILE_NAME> 
            <LINE_NUMBER> 354 </LINE_NUMBER> 
            <CONDITION> CU_FAIL("Incorrectly rejected operation #2 during initiation test") </CONDITION> 
          </CUNIT_RUN_TEST_FAILURE> 
        </CUNIT_RUN_TEST_RECORD> 
        <CUNIT_RUN_TEST_RECORD> 
          <CUNIT_RUN_TEST_FAILURE> 
            <TEST_NAME> Initiation test </TEST_NAME> 
            <FILE_NAME> hsmbully.c </FILE_NAME> 
            <LINE_NUMBER> 335 </LINE_NUMBER> 
            <CONDITION> CU_FAIL("Incorrectly rejected operation #2 during initiation test") </CONDITION> 
          </CUNIT_RUN_TEST_FAILURE> 
        </CUNIT_RUN_TEST_RECORD> 
        <CUNIT_RUN_TEST_RECORD> 
          <CUNIT_RUN_TEST_FAILURE> 
            <TEST_NAME> Initiation test </TEST_NAME> 
            <FILE_NAME> hsmbully.c </FILE_NAME> 
            <LINE_NUMBER> 335 </LINE_NUMBER> 
            <CONDITION> CU_FAIL("Incorrectly rejected operation #2 during initiation test") </CONDITION> 
          </CUNIT_RUN_TEST_FAILURE> 
        </CUNIT_RUN_TEST_RECORD> 
        <CUNIT_RUN_TEST_RECORD> 
          <CUNIT_RUN_TEST_FAILURE> 
            <TEST_NAME> Initiation test </TEST_NAME> 
            <FILE_NAME> hsmbully.c </FILE_NAME> 
            <LINE_NUMBER> 335 </LINE_NUMBER> 
            <CONDITION> CU_FAIL("Incorrectly rejected operation #2 during initiation test") </CONDITION> 
          </CUNIT_RUN_TEST_FAILURE> 
        </CUNIT_RUN_TEST_RECORD> 
      </CUNIT_RUN_SUITE_SUCCESS> 
    </CUNIT_RUN_SUITE> 
    <CUNIT_RUN_SUITE> 
      <CUNIT_RUN_SUITE_SUCCESS> 
        <SUITE_NAME> Test if memory does not get fragmented </SUITE_NAME> 
        <CUNIT_RUN_TEST_RECORD> 
          <CUNIT_RUN_TEST_FAILURE> 
            <TEST_NAME> Fragmentation test </TEST_NAME> 
            <FILE_NAME> hsmbully.c </FILE_NAME> 
            <LINE_NUMBER> 474 </LINE_NUMBER> 
            <CONDITION> CU_FAIL("Hit preset MAX_KEYS_GEN upper limit before the device's memory was full") </CONDITION> 
          </CUNIT_RUN_TEST_FAILURE> 
        </CUNIT_RUN_TEST_RECORD> 
      </CUNIT_RUN_SUITE_SUCCESS> 
    </CUNIT_RUN_SUITE> 
    <CUNIT_RUN_SUITE> 
      <CUNIT_RUN_SUITE_SUCCESS> 
        <SUITE_NAME> Test if key sizes work as desired </SUITE_NAME> 
        <CUNIT_RUN_TEST_RECORD> 
          <CUNIT_RUN_TEST_SUCCESS> 
            <TEST_NAME> Key sizing test </TEST_NAME> 
          </CUNIT_RUN_TEST_SUCCESS> 
        </CUNIT_RUN_TEST_RECORD> 
      </CUNIT_RUN_SUITE_SUCCESS> 
    </CUNIT_RUN_SUITE> 
    <CUNIT_RUN_SUITE> 
      <CUNIT_RUN_SUITE_SUCCESS> 
        <SUITE_NAME> Test if signatures are made correctly </SUITE_NAME> 
        <CUNIT_RUN_TEST_RECORD> 
          <CUNIT_RUN_TEST_SUCCESS> 
            <TEST_NAME> Signing test </TEST_NAME> 
          </CUNIT_RUN_TEST_SUCCESS> 
        </CUNIT_RUN_TEST_RECORD> 
      </CUNIT_RUN_SUITE_SUCCESS> 
    </CUNIT_RUN_SUITE> 
  </CUNIT_RESULT_LISTING>
  <CUNIT_RUN_SUMMARY> 
    <CUNIT_RUN_SUMMARY_RECORD> 
      <TYPE> Suites </TYPE> 
      <TOTAL> 4 </TOTAL> 
      <RUN> 4 </RUN> 
      <SUCCEEDED> - NA - </SUCCEEDED> 
      <FAILED> 0 </FAILED> 
    </CUNIT_RUN_SUMMARY_RECORD> 
    <CUNIT_RUN_SUMMARY_RECORD> 
      <TYPE> Test Cases </TYPE> 
      <TOTAL> 4 </TOTAL> 
      <RUN> 4 </RUN> 
      <SUCCEEDED> 2 </SUCCEEDED> 
      <FAILED> 2 </FAILED> 
    </CUNIT_RUN_SUMMARY_RECORD> 
    <CUNIT_RUN_SUMMARY_RECORD> 
      <TYPE> Assertions </TYPE> 
      <TOTAL> 2362 </TOTAL> 
      <RUN> 2362 </RUN> 
      <SUCCEEDED> 2353 </SUCCEEDED> 
      <FAILED> 9 </FAILED> 
    </CUNIT_RUN_SUMMARY_RECORD> 
  </CUNIT_RUN_SUMMARY> 
  <CUNIT_FOOTER> File Generated By CUnit v2.1-0 at Wed Jun 17 23:56:54 2009
 </CUNIT_FOOTER> 
</CUNIT_TEST_RUN_REPORT>